29.12.2016 14:17:47	Started
Logs path:	C:\ProgramData\Q-MATIC\QWIN S\MRetReport\
Reports path:	C:\ProgramData\Q-MATIC\QWIN S\MRetReport\
Reports cache path:	C:\ProgramData\Q-MATIC\QWIN S\MRetReport\CacheRep
Root path:	C:\ProgramData\Q-MATIC\QWIN S\MRetReport\
Config file:	C:\ProgramData\Q-MATIC\QWIN S\MRetReport\config.xml
29.12.2016 14:17:47	HTTP server created
29.12.2016 15:54:44	HTTP server closed
29.12.2016 15:59:07	Started
Logs path:	C:\ProgramData\Q-MATIC\QWIN S\MRetReport\
Reports path:	C:\ProgramData\Q-MATIC\QWIN S\MRetReport\
Reports cache path:	C:\ProgramData\Q-MATIC\QWIN S\MRetReport\CacheRep
Root path:	C:\ProgramData\Q-MATIC\QWIN S\MRetReport\
Config file:	C:\ProgramData\Q-MATIC\QWIN S\MRetReport\config.xml
29.12.2016 15:59:07	HTTP server created
10.01.2017 12:25:45	Started
Logs path:	C:\ProgramData\Q-MATIC\QWIN S\MRetReport\
Reports path:	C:\ProgramData\Q-MATIC\QWIN S\MRetReport\
Reports cache path:	C:\ProgramData\Q-MATIC\QWIN S\MRetReport\CacheRep
Root path:	C:\ProgramData\Q-MATIC\QWIN S\MRetReport\
Config file:	C:\ProgramData\Q-MATIC\QWIN S\MRetReport\config.xml
10.01.2017 12:25:45	HTTP server created
10.01.2017 12:25:47	HTTP server closed
10.01.2017 12:25:48	Stopped	
Uptime: 0 days 0 hours 0 minutes 3 seconds
Total sessions: 0
Total reports: 0
Total cache hits: 0
Total errors: 0
Max sessions: 0
Max reports: 0

10.01.2017 12:25:48	Port close failed. Access violation at address 81D1B5D0. Read of address 81D1B5D0

10.01.2017 12:26:04	Started
Logs path:	C:\ProgramData\Q-MATIC\QWIN S\MRetReport\
Reports path:	C:\ProgramData\Q-MATIC\QWIN S\MRetReport\
Reports cache path:	C:\ProgramData\Q-MATIC\QWIN S\MRetReport\CacheRep
Root path:	C:\ProgramData\Q-MATIC\QWIN S\MRetReport\
Config file:	C:\ProgramData\Q-MATIC\QWIN S\MRetReport\config.xml
10.01.2017 12:26:04	HTTP server created
11.01.2017 5:54:56	HTTP server closed
11.01.2017 19:33:13	Started
Logs path:	C:\ProgramData\Q-MATIC\QWIN S\MRetReport\
Reports path:	C:\ProgramData\Q-MATIC\QWIN S\MRetReport\
Reports cache path:	C:\ProgramData\Q-MATIC\QWIN S\MRetReport\CacheRep
Root path:	C:\ProgramData\Q-MATIC\QWIN S\MRetReport\
Config file:	C:\ProgramData\Q-MATIC\QWIN S\MRetReport\config.xml
11.01.2017 19:33:13	HTTP server created
11.01.2017 20:24:57	HTTP server closed
11.01.2017 20:43:20	Started
Logs path:	C:\ProgramData\Q-MATIC\QWIN S\MRetReport\
Reports path:	C:\ProgramData\Q-MATIC\QWIN S\MRetReport\
Reports cache path:	C:\ProgramData\Q-MATIC\QWIN S\MRetReport\CacheRep
Root path:	C:\ProgramData\Q-MATIC\QWIN S\MRetReport\
Config file:	C:\ProgramData\Q-MATIC\QWIN S\MRetReport\config.xml
11.01.2017 20:43:20	HTTP server created
12.01.2017 6:07:45	Started
Logs path:	C:\ProgramData\Q-MATIC\QWIN S\MRetReport\
Reports path:	C:\ProgramData\Q-MATIC\QWIN S\MRetReport\
Reports cache path:	C:\ProgramData\Q-MATIC\QWIN S\MRetReport\CacheRep
Root path:	C:\ProgramData\Q-MATIC\QWIN S\MRetReport\
Config file:	C:\ProgramData\Q-MATIC\QWIN S\MRetReport\config.xml
12.01.2017 6:07:45	HTTP server created
12.01.2017 6:54:13	Started
Logs path:	C:\ProgramData\Q-MATIC\QWIN S\MRetReport\
Reports path:	C:\ProgramData\Q-MATIC\QWIN S\MRetReport\
Reports cache path:	C:\ProgramData\Q-MATIC\QWIN S\MRetReport\CacheRep
Root path:	C:\ProgramData\Q-MATIC\QWIN S\MRetReport\
Config file:	C:\ProgramData\Q-MATIC\QWIN S\MRetReport\config.xml
12.01.2017 6:54:13	HTTP server created
13.01.2017 6:07:32	Started
Logs path:	C:\ProgramData\Q-MATIC\QWIN S\MRetReport\
Reports path:	C:\ProgramData\Q-MATIC\QWIN S\MRetReport\
Reports cache path:	C:\ProgramData\Q-MATIC\QWIN S\MRetReport\CacheRep
Root path:	C:\ProgramData\Q-MATIC\QWIN S\MRetReport\
Config file:	C:\ProgramData\Q-MATIC\QWIN S\MRetReport\config.xml
13.01.2017 6:07:32	HTTP server created
13.01.2017 6:54:18	Started
Logs path:	C:\ProgramData\Q-MATIC\QWIN S\MRetReport\
Reports path:	C:\ProgramData\Q-MATIC\QWIN S\MRetReport\
Reports cache path:	C:\ProgramData\Q-MATIC\QWIN S\MRetReport\CacheRep
Root path:	C:\ProgramData\Q-MATIC\QWIN S\MRetReport\
Config file:	C:\ProgramData\Q-MATIC\QWIN S\MRetReport\config.xml
13.01.2017 6:54:18	HTTP server created
13.01.2017 12:22:29	Started
Logs path:	C:\ProgramData\Q-MATIC\QWIN S\MRetReport\
Reports path:	C:\ProgramData\Q-MATIC\QWIN S\MRetReport\
Reports cache path:	C:\ProgramData\Q-MATIC\QWIN S\MRetReport\CacheRep
Root path:	C:\ProgramData\Q-MATIC\QWIN S\MRetReport\
Config file:	C:\ProgramData\Q-MATIC\QWIN S\MRetReport\config.xml
13.01.2017 12:22:29	HTTP server created
13.01.2017 12:43:29	Started
Logs path:	C:\ProgramData\Q-MATIC\QWIN S\MRetReport\
Reports path:	C:\ProgramData\Q-MATIC\QWIN S\MRetReport\
Reports cache path:	C:\ProgramData\Q-MATIC\QWIN S\MRetReport\CacheRep
Root path:	C:\ProgramData\Q-MATIC\QWIN S\MRetReport\
Config file:	C:\ProgramData\Q-MATIC\QWIN S\MRetReport\config.xml
13.01.2017 12:43:29	HTTP server created
13.01.2017 12:43:32	Port open failed. Windows socket error: Обычно разрешается только одно использование адреса сокета (протокол/сетевой адрес/порт) (10048), on API 'bind'

18.01.2017 11:52:20	HTTP server created
18.01.2017 12:15:44	HTTP server closed
18.01.2017 11:56:22	Started
Logs path:	C:\ProgramData\Q-MATIC\QWIN S\MRetReport\
Reports path:	C:\ProgramData\Q-MATIC\QWIN S\MRetReport\
Reports cache path:	C:\ProgramData\Q-MATIC\QWIN S\MRetReport\CacheRep
Root path:	C:\ProgramData\Q-MATIC\QWIN S\MRetReport\
Config file:	C:\ProgramData\Q-MATIC\QWIN S\MRetReport\config.xml
18.01.2017 11:56:22	HTTP server created
19.01.2017 12:11:39	Started
Logs path:	C:\ProgramData\Q-MATIC\QWIN S\MRetReport\
Reports path:	C:\ProgramData\Q-MATIC\QWIN S\MRetReport\
Reports cache path:	C:\ProgramData\Q-MATIC\QWIN S\MRetReport\CacheRep
Root path:	C:\ProgramData\Q-MATIC\QWIN S\MRetReport\
Config file:	C:\ProgramData\Q-MATIC\QWIN S\MRetReport\config.xml
19.01.2017 12:11:39	HTTP server created
20.01.2017 6:07:48	Started
Logs path:	C:\ProgramData\Q-MATIC\QWIN S\MRetReport\
Reports path:	C:\ProgramData\Q-MATIC\QWIN S\MRetReport\
Reports cache path:	C:\ProgramData\Q-MATIC\QWIN S\MRetReport\CacheRep
Root path:	C:\ProgramData\Q-MATIC\QWIN S\MRetReport\
Config file:	C:\ProgramData\Q-MATIC\QWIN S\MRetReport\config.xml
20.01.2017 6:07:48	HTTP server created
20.01.2017 6:54:08	Started
Logs path:	C:\ProgramData\Q-MATIC\QWIN S\MRetReport\
Reports path:	C:\ProgramData\Q-MATIC\QWIN S\MRetReport\
Reports cache path:	C:\ProgramData\Q-MATIC\QWIN S\MRetReport\CacheRep
Root path:	C:\ProgramData\Q-MATIC\QWIN S\MRetReport\
Config file:	C:\ProgramData\Q-MATIC\QWIN S\MRetReport\config.xml
20.01.2017 6:54:08	HTTP server created
20.01.2017 15:03:46	Started
Logs path:	C:\ProgramData\Q-MATIC\QWIN S\MRetReport\
Reports path:	C:\ProgramData\Q-MATIC\QWIN S\MRetReport\
Reports cache path:	C:\ProgramData\Q-MATIC\QWIN S\MRetReport\CacheRep
Root path:	C:\ProgramData\Q-MATIC\QWIN S\MRetReport\
Config file:	C:\ProgramData\Q-MATIC\QWIN S\MRetReport\config.xml
20.01.2017 15:03:46	HTTP server created
21.01.2017 6:07:08	Started
Logs path:	C:\ProgramData\Q-MATIC\QWIN S\MRetReport\
Reports path:	C:\ProgramData\Q-MATIC\QWIN S\MRetReport\
Reports cache path:	C:\ProgramData\Q-MATIC\QWIN S\MRetReport\CacheRep
Root path:	C:\ProgramData\Q-MATIC\QWIN S\MRetReport\
Config file:	C:\ProgramData\Q-MATIC\QWIN S\MRetReport\config.xml
21.01.2017 6:07:08	HTTP server created
22.01.2017 6:06:46	Started
Logs path:	C:\ProgramData\Q-MATIC\QWIN S\MRetReport\
Reports path:	C:\ProgramData\Q-MATIC\QWIN S\MRetReport\
Reports cache path:	C:\ProgramData\Q-MATIC\QWIN S\MRetReport\CacheRep
Root path:	C:\ProgramData\Q-MATIC\QWIN S\MRetReport\
Config file:	C:\ProgramData\Q-MATIC\QWIN S\MRetReport\config.xml
22.01.2017 6:06:46	HTTP server created
23.01.2017 6:06:48	Started
Logs path:	C:\ProgramData\Q-MATIC\QWIN S\MRetReport\
Reports path:	C:\ProgramData\Q-MATIC\QWIN S\MRetReport\
Reports cache path:	C:\ProgramData\Q-MATIC\QWIN S\MRetReport\CacheRep
Root path:	C:\ProgramData\Q-MATIC\QWIN S\MRetReport\
Config file:	C:\ProgramData\Q-MATIC\QWIN S\MRetReport\config.xml
23.01.2017 6:06:48	HTTP server created
23.01.2017 12:44:55	Started
Logs path:	C:\ProgramData\Q-MATIC\QWIN S\MRetReport\
Reports path:	C:\ProgramData\Q-MATIC\QWIN S\MRetReport\
Reports cache path:	C:\ProgramData\Q-MATIC\QWIN S\MRetReport\CacheRep
Root path:	C:\ProgramData\Q-MATIC\QWIN S\MRetReport\
Config file:	C:\ProgramData\Q-MATIC\QWIN S\MRetReport\config.xml
23.01.2017 12:44:55	HTTP server created
23.01.2017 15:23:05	Started
Logs path:	C:\ProgramData\Q-MATIC\QWIN S\MRetReport\
Reports path:	C:\ProgramData\Q-MATIC\QWIN S\MRetReport\
Reports cache path:	C:\ProgramData\Q-MATIC\QWIN S\MRetReport\CacheRep
Root path:	C:\ProgramData\Q-MATIC\QWIN S\MRetReport\
Config file:	C:\ProgramData\Q-MATIC\QWIN S\MRetReport\config.xml
23.01.2017 15:23:05	HTTP server created
23.01.2017 16:54:03	Started
Logs path:	C:\ProgramData\Q-MATIC\QWIN S\MRetReport\
Reports path:	C:\ProgramData\Q-MATIC\QWIN S\MRetReport\
Reports cache path:	C:\ProgramData\Q-MATIC\QWIN S\MRetReport\CacheRep
Root path:	C:\ProgramData\Q-MATIC\QWIN S\MRetReport\
Config file:	C:\ProgramData\Q-MATIC\QWIN S\MRetReport\config.xml
23.01.2017 16:54:03	HTTP server created
23.01.2017 17:52:55	Started
Logs path:	C:\ProgramData\Q-MATIC\QWIN S\MRetReport\
Reports path:	C:\ProgramData\Q-MATIC\QWIN S\MRetReport\
Reports cache path:	C:\ProgramData\Q-MATIC\QWIN S\MRetReport\CacheRep
Root path:	C:\ProgramData\Q-MATIC\QWIN S\MRetReport\
Config file:	C:\ProgramData\Q-MATIC\QWIN S\MRetReport\config.xml
23.01.2017 17:52:55	HTTP server created
24.01.2017 6:07:31	Started
Logs path:	C:\ProgramData\Q-MATIC\QWIN S\MRetReport\
Reports path:	C:\ProgramData\Q-MATIC\QWIN S\MRetReport\
Reports cache path:	C:\ProgramData\Q-MATIC\QWIN S\MRetReport\CacheRep
Root path:	C:\ProgramData\Q-MATIC\QWIN S\MRetReport\
Config file:	C:\ProgramData\Q-MATIC\QWIN S\MRetReport\config.xml
24.01.2017 6:07:31	HTTP server created
24.01.2017 6:54:21	Started
Logs path:	C:\ProgramData\Q-MATIC\QWIN S\MRetReport\
Reports path:	C:\ProgramData\Q-MATIC\QWIN S\MRetReport\
Reports cache path:	C:\ProgramData\Q-MATIC\QWIN S\MRetReport\CacheRep
Root path:	C:\ProgramData\Q-MATIC\QWIN S\MRetReport\
Config file:	C:\ProgramData\Q-MATIC\QWIN S\MRetReport\config.xml
24.01.2017 6:54:21	HTTP server created
24.01.2017 18:48:44	Started
Logs path:	C:\ProgramData\Q-MATIC\QWIN S\MRetReport\
Reports path:	C:\ProgramData\Q-MATIC\QWIN S\MRetReport\
Reports cache path:	C:\ProgramData\Q-MATIC\QWIN S\MRetReport\CacheRep
Root path:	C:\ProgramData\Q-MATIC\QWIN S\MRetReport\
Config file:	C:\ProgramData\Q-MATIC\QWIN S\MRetReport\config.xml
24.01.2017 18:48:44	HTTP server created
25.01.2017 6:07:47	Started
Logs path:	C:\ProgramData\Q-MATIC\QWIN S\MRetReport\
Reports path:	C:\ProgramData\Q-MATIC\QWIN S\MRetReport\
Reports cache path:	C:\ProgramData\Q-MATIC\QWIN S\MRetReport\CacheRep
Root path:	C:\ProgramData\Q-MATIC\QWIN S\MRetReport\
Config file:	C:\ProgramData\Q-MATIC\QWIN S\MRetReport\config.xml
25.01.2017 6:07:47	HTTP server created
25.01.2017 6:54:09	Started
Logs path:	C:\ProgramData\Q-MATIC\QWIN S\MRetReport\
Reports path:	C:\ProgramData\Q-MATIC\QWIN S\MRetReport\
Reports cache path:	C:\ProgramData\Q-MATIC\QWIN S\MRetReport\CacheRep
Root path:	C:\ProgramData\Q-MATIC\QWIN S\MRetReport\
Config file:	C:\ProgramData\Q-MATIC\QWIN S\MRetReport\config.xml
25.01.2017 6:54:09	HTTP server created
25.01.2017 15:32:30	Started
Logs path:	C:\ProgramData\Q-MATIC\QWIN S\MRetReport\
Reports path:	C:\ProgramData\Q-MATIC\QWIN S\MRetReport\
Reports cache path:	C:\ProgramData\Q-MATIC\QWIN S\MRetReport\CacheRep
Root path:	C:\ProgramData\Q-MATIC\QWIN S\MRetReport\
Config file:	C:\ProgramData\Q-MATIC\QWIN S\MRetReport\config.xml
25.01.2017 15:32:30	HTTP server created
25.01.2017 19:34:39	Started
Logs path:	C:\ProgramData\Q-MATIC\QWIN S\MRetReport\
Reports path:	C:\ProgramData\Q-MATIC\QWIN S\MRetReport\
Reports cache path:	C:\ProgramData\Q-MATIC\QWIN S\MRetReport\CacheRep
Root path:	C:\ProgramData\Q-MATIC\QWIN S\MRetReport\
Config file:	C:\ProgramData\Q-MATIC\QWIN S\MRetReport\config.xml
25.01.2017 19:34:39	HTTP server created
26.01.2017 6:07:45	Started
Logs path:	C:\ProgramData\Q-MATIC\QWIN S\MRetReport\
Reports path:	C:\ProgramData\Q-MATIC\QWIN S\MRetReport\
Reports cache path:	C:\ProgramData\Q-MATIC\QWIN S\MRetReport\CacheRep
Root path:	C:\ProgramData\Q-MATIC\QWIN S\MRetReport\
Config file:	C:\ProgramData\Q-MATIC\QWIN S\MRetReport\config.xml
26.01.2017 6:07:45	HTTP server created
26.01.2017 6:54:13	Started
Logs path:	C:\ProgramData\Q-MATIC\QWIN S\MRetReport\
Reports path:	C:\ProgramData\Q-MATIC\QWIN S\MRetReport\
Reports cache path:	C:\ProgramData\Q-MATIC\QWIN S\MRetReport\CacheRep
Root path:	C:\ProgramData\Q-MATIC\QWIN S\MRetReport\
Config file:	C:\ProgramData\Q-MATIC\QWIN S\MRetReport\config.xml
26.01.2017 6:54:13	HTTP server created
26.01.2017 19:06:23	Started
Logs path:	C:\ProgramData\Q-MATIC\QWIN S\MRetReport\
Reports path:	C:\ProgramData\Q-MATIC\QWIN S\MRetReport\
Reports cache path:	C:\ProgramData\Q-MATIC\QWIN S\MRetReport\CacheRep
Root path:	C:\ProgramData\Q-MATIC\QWIN S\MRetReport\
Config file:	C:\ProgramData\Q-MATIC\QWIN S\MRetReport\config.xml
26.01.2017 19:06:23	HTTP server created
27.01.2017 6:07:35	Started
Logs path:	C:\ProgramData\Q-MATIC\QWIN S\MRetReport\
Reports path:	C:\ProgramData\Q-MATIC\QWIN S\MRetReport\
Reports cache path:	C:\ProgramData\Q-MATIC\QWIN S\MRetReport\CacheRep
Root path:	C:\ProgramData\Q-MATIC\QWIN S\MRetReport\
Config file:	C:\ProgramData\Q-MATIC\QWIN S\MRetReport\config.xml
27.01.2017 6:07:35	HTTP server created
27.01.2017 6:54:20	Started
Logs path:	C:\ProgramData\Q-MATIC\QWIN S\MRetReport\
Reports path:	C:\ProgramData\Q-MATIC\QWIN S\MRetReport\
Reports cache path:	C:\ProgramData\Q-MATIC\QWIN S\MRetReport\CacheRep
Root path:	C:\ProgramData\Q-MATIC\QWIN S\MRetReport\
Config file:	C:\ProgramData\Q-MATIC\QWIN S\MRetReport\config.xml
27.01.2017 6:54:20	HTTP server created
27.01.2017 11:51:02	Started
Logs path:	C:\ProgramData\Q-MATIC\QWIN S\MRetReport\
Reports path:	C:\ProgramData\Q-MATIC\QWIN S\MRetReport\
Reports cache path:	C:\ProgramData\Q-MATIC\QWIN S\MRetReport\CacheRep
Root path:	C:\ProgramData\Q-MATIC\QWIN S\MRetReport\
Config file:	C:\ProgramData\Q-MATIC\QWIN S\MRetReport\config.xml
27.01.2017 11:51:02	HTTP server created
28.01.2017 6:07:25	Started
Logs path:	C:\ProgramData\Q-MATIC\QWIN S\MRetReport\
Reports path:	C:\ProgramData\Q-MATIC\QWIN S\MRetReport\
Reports cache path:	C:\ProgramData\Q-MATIC\QWIN S\MRetReport\CacheRep
Root path:	C:\ProgramData\Q-MATIC\QWIN S\MRetReport\
Config file:	C:\ProgramData\Q-MATIC\QWIN S\MRetReport\config.xml
28.01.2017 6:07:25	HTTP server created
28.01.2017 6:54:07	Started
Logs path:	C:\ProgramData\Q-MATIC\QWIN S\MRetReport\
Reports path:	C:\ProgramData\Q-MATIC\QWIN S\MRetReport\
Reports cache path:	C:\ProgramData\Q-MATIC\QWIN S\MRetReport\CacheRep
Root path:	C:\ProgramData\Q-MATIC\QWIN S\MRetReport\
Config file:	C:\ProgramData\Q-MATIC\QWIN S\MRetReport\config.xml
28.01.2017 6:54:07	HTTP server created
29.01.2017 6:07:49	Started
Logs path:	C:\ProgramData\Q-MATIC\QWIN S\MRetReport\
Reports path:	C:\ProgramData\Q-MATIC\QWIN S\MRetReport\
Reports cache path:	C:\ProgramData\Q-MATIC\QWIN S\MRetReport\CacheRep
Root path:	C:\ProgramData\Q-MATIC\QWIN S\MRetReport\
Config file:	C:\ProgramData\Q-MATIC\QWIN S\MRetReport\config.xml
29.01.2017 6:07:49	HTTP server created
29.01.2017 6:54:11	Started
Logs path:	C:\ProgramData\Q-MATIC\QWIN S\MRetReport\
Reports path:	C:\ProgramData\Q-MATIC\QWIN S\MRetReport\
Reports cache path:	C:\ProgramData\Q-MATIC\QWIN S\MRetReport\CacheRep
Root path:	C:\ProgramData\Q-MATIC\QWIN S\MRetReport\
Config file:	C:\ProgramData\Q-MATIC\QWIN S\MRetReport\config.xml
29.01.2017 6:54:11	HTTP server created
30.01.2017 6:07:41	Started
Logs path:	C:\ProgramData\Q-MATIC\QWIN S\MRetReport\
Reports path:	C:\ProgramData\Q-MATIC\QWIN S\MRetReport\
Reports cache path:	C:\ProgramData\Q-MATIC\QWIN S\MRetReport\CacheRep
Root path:	C:\ProgramData\Q-MATIC\QWIN S\MRetReport\
Config file:	C:\ProgramData\Q-MATIC\QWIN S\MRetReport\config.xml
30.01.2017 6:07:41	HTTP server created
30.01.2017 6:54:20	Started
Logs path:	C:\ProgramData\Q-MATIC\QWIN S\MRetReport\
Reports path:	C:\ProgramData\Q-MATIC\QWIN S\MRetReport\
Reports cache path:	C:\ProgramData\Q-MATIC\QWIN S\MRetReport\CacheRep
Root path:	C:\ProgramData\Q-MATIC\QWIN S\MRetReport\
Config file:	C:\ProgramData\Q-MATIC\QWIN S\MRetReport\config.xml
30.01.2017 6:54:20	HTTP server created
30.01.2017 21:57:34	Started
Logs path:	C:\ProgramData\Q-MATIC\QWIN S\MRetReport\
Reports path:	C:\ProgramData\Q-MATIC\QWIN S\MRetReport\
Reports cache path:	C:\ProgramData\Q-MATIC\QWIN S\MRetReport\CacheRep
Root path:	C:\ProgramData\Q-MATIC\QWIN S\MRetReport\
Config file:	C:\ProgramData\Q-MATIC\QWIN S\MRetReport\config.xml
30.01.2017 21:57:34	HTTP server created
31.01.2017 6:08:00	Started
Logs path:	C:\ProgramData\Q-MATIC\QWIN S\MRetReport\
Reports path:	C:\ProgramData\Q-MATIC\QWIN S\MRetReport\
Reports cache path:	C:\ProgramData\Q-MATIC\QWIN S\MRetReport\CacheRep
Root path:	C:\ProgramData\Q-MATIC\QWIN S\MRetReport\
Config file:	C:\ProgramData\Q-MATIC\QWIN S\MRetReport\config.xml
31.01.2017 6:08:00	HTTP server created
31.01.2017 6:54:11	Started
Logs path:	C:\ProgramData\Q-MATIC\QWIN S\MRetReport\
Reports path:	C:\ProgramData\Q-MATIC\QWIN S\MRetReport\
Reports cache path:	C:\ProgramData\Q-MATIC\QWIN S\MRetReport\CacheRep
Root path:	C:\ProgramData\Q-MATIC\QWIN S\MRetReport\
Config file:	C:\ProgramData\Q-MATIC\QWIN S\MRetReport\config.xml
31.01.2017 6:54:11	HTTP server created
06.02.2017 11:57:44	Started
Logs path:	C:\ProgramData\Q-MATIC\QWIN S\MRetReport\
Reports path:	C:\ProgramData\Q-MATIC\QWIN S\MRetReport\
Reports cache path:	C:\ProgramData\Q-MATIC\QWIN S\MRetReport\CacheRep
Root path:	C:\ProgramData\Q-MATIC\QWIN S\MRetReport\
Config file:	C:\ProgramData\Q-MATIC\QWIN S\MRetReport\config.xml
06.02.2017 11:57:44	HTTP server created
08.02.2017 9:14:18	Started
Logs path:	C:\ProgramData\Q-MATIC\QWIN S\MRetReport\
Reports path:	C:\ProgramData\Q-MATIC\QWIN S\MRetReport\
Reports cache path:	C:\ProgramData\Q-MATIC\QWIN S\MRetReport\CacheRep
Root path:	C:\ProgramData\Q-MATIC\QWIN S\MRetReport\
Config file:	C:\ProgramData\Q-MATIC\QWIN S\MRetReport\config.xml
08.02.2017 9:14:18	HTTP server created
08.02.2017 16:30:42	HTTP server closed
08.02.2017 16:36:04	Started
Logs path:	C:\ProgramData\Q-MATIC\QWIN S\MRetReport\
Reports path:	C:\ProgramData\Q-MATIC\QWIN S\MRetReport\
Reports cache path:	C:\ProgramData\Q-MATIC\QWIN S\MRetReport\CacheRep
Root path:	C:\ProgramData\Q-MATIC\QWIN S\MRetReport\
Config file:	C:\ProgramData\Q-MATIC\QWIN S\MRetReport\config.xml
08.02.2017 16:36:04	HTTP server created
09.02.2017 17:32:15	Started
Logs path:	C:\ProgramData\Q-MATIC\QWIN S\MRetReport\
Reports path:	C:\ProgramData\Q-MATIC\QWIN S\MRetReport\
Reports cache path:	C:\ProgramData\Q-MATIC\QWIN S\MRetReport\CacheRep
Root path:	C:\ProgramData\Q-MATIC\QWIN S\MRetReport\
Config file:	C:\ProgramData\Q-MATIC\QWIN S\MRetReport\config.xml
09.02.2017 17:32:15	HTTP server created
09.02.2017 17:33:51	HTTP server closed
09.02.2017 17:33:52	Stopped	
Uptime: 0 days 0 hours 1 minutes 36 seconds
Total sessions: 0
Total reports: 0
Total cache hits: 0
Total errors: 0
Max sessions: 0
Max reports: 0

